  CMC_V0.cpp
L:\CMC_C_R_code\CMC_V0.3.2_speedTest - Copy\CMC_V0.cpp(57,1): warning C4326: return type of 'main' should be 'int' instead of 'void'
L:\CMC_C_R_code\CMC_V0.3.2_speedTest - Copy\CMC_V0.cpp(327,19): warning C4018: '<': signed/unsigned mismatch
L:\CMC_C_R_code\CMC_V0.3.2_speedTest - Copy\CMC_V0.cpp(333,26): warning C4018: '<': signed/unsigned mismatch
L:\CMC_C_R_code\CMC_V0.3.2_speedTest - Copy\CMC_V0.cpp(341,23): warning C4018: '<': signed/unsigned mismatch
L:\CMC_C_R_code\CMC_V0.3.2_speedTest - Copy\CMC_V0.cpp(500,66): warning C4018: '<': signed/unsigned mismatch
L:\CMC_C_R_code\CMC_V0.3.2_speedTest - Copy\CMC_V0.cpp(506,33): warning C4018: '<': signed/unsigned mismatch
L:\CMC_C_R_code\CMC_V0.3.2_speedTest - Copy\CMC_V0.cpp(530,34): warning C4018: '<': signed/unsigned mismatch
  Global.cpp
  ReadCSV.cpp
L:\CMC_C_R_code\CMC_V0.3.2_speedTest - Copy\ReadCSV.cpp(40,33): warning C4267: '=': conversion from 'size_t' to 'uint', possible loss of data
L:\CMC_C_R_code\CMC_V0.3.2_speedTest - Copy\ReadCSV.cpp(43,69): warning C4267: '+=': conversion from 'size_t' to 'uint', possible loss of data
L:\CMC_C_R_code\CMC_V0.3.2_speedTest - Copy\ReadCSV.cpp(105,33): warning C4267: '=': conversion from 'size_t' to 'uint', possible loss of data
L:\CMC_C_R_code\CMC_V0.3.2_speedTest - Copy\ReadCSV.cpp(108,73): warning C4267: '+=': conversion from 'size_t' to 'uint', possible loss of data
L:\CMC_C_R_code\CMC_V0.3.2_speedTest - Copy\ReadCSV.cpp(167,33): warning C4267: '=': conversion from 'size_t' to 'uint', possible loss of data
L:\CMC_C_R_code\CMC_V0.3.2_speedTest - Copy\ReadCSV.cpp(170,73): warning C4267: '+=': conversion from 'size_t' to 'uint', possible loss of data
  r_solver.cpp
  Generating code
  Previous IPDB not found, fall back to full compilation.
  All 241 functions were compiled because no usable IPDB/IOBJ from previous compilation was found.
  Finished generating code
  CMC_V0.vcxproj -> L:\CMC_C_R_code\CMC_V0.3.2_speedTest - Copy\x64\Release\CMC_V0.exe
